[debug] [2026-05-29T18:17:50.921Z] ----------------------------------------------------------------------
[debug] [2026-05-29T18:17:50.922Z] Command:       /usr/local/bin/node /var/folders/xl/45bpz8550kg9d9xpmnrdcghh0000gn/T/cursor-sandbox-cache/93c842c97444436896a9ecfec4905e83/npm/_npx/7750544ccf494d8b/node_modules/.bin/firebase emulators:start --only auth,firestore,functions,storage --project demo-semya
[debug] [2026-05-29T18:17:50.922Z] CLI Version:   15.19.0
[debug] [2026-05-29T18:17:50.922Z] Platform:      darwin
[debug] [2026-05-29T18:17:50.922Z] Node Version:  v24.15.0
[debug] [2026-05-29T18:17:50.923Z] Time:          Fri May 29 2026 21:17:50 GMT+0300 (Moscow Standard Time)
[debug] [2026-05-29T18:17:50.923Z] ----------------------------------------------------------------------
[debug] 
[debug] [2026-05-29T18:17:50.923Z] >>> [apiv2][query] GET https://firebase-public.firebaseio.com/cli.json [none]
[debug] [2026-05-29T18:17:51.406Z] Field "/functions" in "firebase.json" is possibly invalid: must be object
[debug] [2026-05-29T18:17:51.406Z] Field "/functions" in "firebase.json" is possibly invalid: must be object
[debug] [2026-05-29T18:17:51.406Z] Object "/functions/0" in "firebase.json" has unknown property: {"additionalProperty":"environmentVariables"}
[debug] [2026-05-29T18:17:51.406Z] Object "/functions/0" in "firebase.json" is missing required property: {"missingProperty":"remoteSource"}
[debug] [2026-05-29T18:17:51.406Z] Field "/functions/0" in "firebase.json" is possibly invalid: must match a schema in anyOf
[debug] [2026-05-29T18:17:51.406Z] Field "/functions" in "firebase.json" is possibly invalid: must match a schema in anyOf
[debug] [2026-05-29T18:17:51.498Z] openjdk version "21.0.7" 2025-04-15 LTS

[debug] [2026-05-29T18:17:51.499Z] OpenJDK Runtime Environment Temurin-21.0.7+6 (build 21.0.7+6-LTS)
OpenJDK 64-Bit Server VM Temurin-21.0.7+6 (build 21.0.7+6-LTS, mixed mode, sharing)

[debug] [2026-05-29T18:17:51.505Z] Parsed Java major version: 21
[info] i  emulators: Starting emulators: auth, functions, firestore, storage {"metadata":{"emulator":{"name":"hub"},"message":"Starting emulators: auth, functions, firestore, storage"}}
[info] i  emulators: Detected demo project ID "demo-semya", emulated services will use a demo configuration and attempts to access non-emulated services for this project will fail. {"metadata":{"emulator":{"name":"hub"},"message":"Detected demo project ID \"demo-semya\", emulated services will use a demo configuration and attempts to access non-emulated services for this project will fail."}}
[debug] [2026-05-29T18:17:51.962Z] [logging] Logging Emulator only supports listening on one address (127.0.0.1). Not listening on ::1
[debug] [2026-05-29T18:17:51.962Z] [auth] Authentication Emulator only supports listening on one address (127.0.0.1). Not listening on ::1
[debug] [2026-05-29T18:17:51.962Z] [firestore] Firestore Emulator only supports listening on one address (127.0.0.1). Not listening on ::1
[debug] [2026-05-29T18:17:51.962Z] [firestore.websocket] websocket server for firestore only supports listening on one address (127.0.0.1). Not listening on ::1
[debug] [2026-05-29T18:17:51.962Z] [storage] Storage Emulator only supports listening on one address (127.0.0.1). Not listening on ::1
[debug] [2026-05-29T18:17:51.962Z] assigned listening specs for emulators {"user":{"hub":[{"address":"127.0.0.1","family":"IPv4","port":4400},{"address":"::1","family":"IPv6","port":4400}],"ui":[{"address":"127.0.0.1","family":"IPv4","port":4000},{"address":"::1","family":"IPv6","port":4000}],"logging":[{"address":"127.0.0.1","family":"IPv4","port":4500}],"auth":[{"address":"127.0.0.1","family":"IPv4","port":9099}],"firestore":[{"address":"127.0.0.1","family":"IPv4","port":8080}],"firestore.websocket":[{"address":"127.0.0.1","family":"IPv4","port":9150}],"storage":[{"address":"127.0.0.1","family":"IPv4","port":9199}]},"metadata":{"message":"assigned listening specs for emulators"}}
[debug] [2026-05-29T18:17:51.965Z] Write emulator hub locator at /var/folders/xl/45bpz8550kg9d9xpmnrdcghh0000gn/T/hub-demo-semya.json
[debug] [2026-05-29T18:17:52.158Z] [functions] Functions Emulator only supports listening on one address (127.0.0.1). Not listening on ::1
[debug] [2026-05-29T18:17:52.158Z] [eventarc] Eventarc Emulator only supports listening on one address (127.0.0.1). Not listening on ::1
[debug] [2026-05-29T18:17:52.158Z] [tasks] Cloud Tasks Emulator only supports listening on one address (127.0.0.1). Not listening on ::1
[debug] [2026-05-29T18:17:52.158Z] late-assigned ports for functions and eventarc emulators {"user":{"hub":[{"address":"127.0.0.1","family":"IPv4","port":4400},{"address":"::1","family":"IPv6","port":4400}],"ui":[{"address":"127.0.0.1","family":"IPv4","port":4000},{"address":"::1","family":"IPv6","port":4000}],"logging":[{"address":"127.0.0.1","family":"IPv4","port":4500}],"auth":[{"address":"127.0.0.1","family":"IPv4","port":9099}],"firestore":[{"address":"127.0.0.1","family":"IPv4","port":8080}],"firestore.websocket":[{"address":"127.0.0.1","family":"IPv4","port":9150}],"storage":[{"address":"127.0.0.1","family":"IPv4","port":9199}],"functions":[{"address":"127.0.0.1","family":"IPv4","port":5001}],"eventarc":[{"address":"127.0.0.1","family":"IPv4","port":9299}],"tasks":[{"address":"127.0.0.1","family":"IPv4","port":9499}]},"metadata":{"message":"late-assigned ports for functions and eventarc emulators"}}
[debug] [2026-05-29T18:17:52.163Z] <<< [apiv2][status] GET https://firebase-public.firebaseio.com/cli.json 200
[debug] [2026-05-29T18:17:52.163Z] <<< [apiv2][body] GET https://firebase-public.firebaseio.com/cli.json {"cloudBuildErrorAfter":1594252800000,"cloudBuildWarnAfter":1590019200000,"defaultNode10After":1594252800000,"minVersion":"3.0.5","node8DeploysDisabledAfter":1613390400000,"node8RuntimeDisabledAfter":1615809600000,"node8WarnAfter":1600128000000}
[info] i  firestore: downloading cloud-firestore-emulator-v1.21.0.jar... {"metadata":{"emulator":{"name":"firestore"},"message":"downloading cloud-firestore-emulator-v1.21.0.jar..."}}
[debug] [2026-05-29T18:17:52.232Z] >>> [apiv2][query] GET https://storage.googleapis.com/firebase-preview-drop/emulator/cloud-firestore-emulator-v1.21.0.jar 
[debug] [2026-05-29T18:17:52.777Z] <<< [apiv2][status] GET https://storage.googleapis.com/firebase-preview-drop/emulator/cloud-firestore-emulator-v1.21.0.jar 200
[debug] [2026-05-29T18:17:52.777Z] <<< [apiv2][body] GET https://storage.googleapis.com/firebase-preview-drop/emulator/cloud-firestore-emulator-v1.21.0.jar [stream]
[debug] [2026-05-29T18:17:57.388Z] Ignoring unsupported arg: auto_download {"metadata":{"emulator":{"name":"firestore"},"message":"Ignoring unsupported arg: auto_download"}}
[debug] [2026-05-29T18:17:57.388Z] Ignoring unsupported arg: single_project_mode_error {"metadata":{"emulator":{"name":"firestore"},"message":"Ignoring unsupported arg: single_project_mode_error"}}
[debug] [2026-05-29T18:17:57.388Z] Starting Firestore Emulator with command {"binary":"java","args":["-Dgoogle.cloud_firestore.debug_log_level=FINE","-Duser.language=en","-jar","/Users/daviddaler/.cache/firebase/emulators/cloud-firestore-emulator-v1.21.0.jar","--host","127.0.0.1","--port",8080,"--websocket_port",9150,"--database-edition","standard","--project_id","demo-semya","--rules","/Users/daviddaler/Documents/ШАБОЛДА/firestore.rules","--single_project_mode",true,"--functions_emulator","127.0.0.1:5001"],"optionalArgs":["port","webchannel_port","host","rules","websocket_port","database-edition","functions_emulator","seed_from_export","project_id","single_project_mode"],"joinArgs":false,"shell":false,"port":8080} {"metadata":{"emulator":{"name":"firestore"},"message":"Starting Firestore Emulator with command {\"binary\":\"java\",\"args\":[\"-Dgoogle.cloud_firestore.debug_log_level=FINE\",\"-Duser.language=en\",\"-jar\",\"/Users/daviddaler/.cache/firebase/emulators/cloud-firestore-emulator-v1.21.0.jar\",\"--host\",\"127.0.0.1\",\"--port\",8080,\"--websocket_port\",9150,\"--database-edition\",\"standard\",\"--project_id\",\"demo-semya\",\"--rules\",\"/Users/daviddaler/Documents/ШАБОЛДА/firestore.rules\",\"--single_project_mode\",true,\"--functions_emulator\",\"127.0.0.1:5001\"],\"optionalArgs\":[\"port\",\"webchannel_port\",\"host\",\"rules\",\"websocket_port\",\"database-edition\",\"functions_emulator\",\"seed_from_export\",\"project_id\",\"single_project_mode\"],\"joinArgs\":false,\"shell\":false,\"port\":8080}"}}
[info] i  firestore: Firestore Emulator logging to firestore-debug.log {"metadata":{"emulator":{"name":"firestore"},"message":"Firestore Emulator logging to firestore-debug.log"}}
[debug] [2026-05-29T18:17:58.012Z] May 29, 2026 9:17:57 PM com.google.cloud.datastore.emulator.firestore.websocket.WebSocketServer start
INFO: Started WebSocket server on ws://127.0.0.1:9150
 {"metadata":{"emulator":{"name":"firestore"},"message":"May 29, 2026 9:17:57 PM com.google.cloud.datastore.emulator.firestore.websocket.WebSocketServer start\nINFO: Started WebSocket server on ws://127.0.0.1:9150\n"}}
[debug] [2026-05-29T18:17:58.025Z] 
API endpoint: http:// {"metadata":{"emulator":{"name":"firestore"},"message":"\nAPI endpoint: http://"}}
[debug] [2026-05-29T18:17:58.025Z] 127.0.0.1:8080
Database Edition: STANDARD
Database Mode: CLOUD_FIRESTORE

If you are using a library that supports the FIRESTORE_EMULATOR_HOST environment variable, run:

   export FIRESTORE_EMULATOR_HOST=127.0.0.1:8080

If you are running a Firestore in Datastore Mode project, run:

   export DATASTORE_EMULATOR_HOST=127.0.0.1:8080

Note: Support for Datastore Mode is in preview. If you encounter any bugs please file at https://github.com/firebase/firebase-tools/issues.
Dev App Server is now running.

 {"metadata":{"emulator":{"name":"firestore"},"message":"127.0.0.1:8080\nDatabase Edition: STANDARD\nDatabase Mode: CLOUD_FIRESTORE\n\nIf you are using a library that supports the FIRESTORE_EMULATOR_HOST environment variable, run:\n\n   export FIRESTORE_EMULATOR_HOST=127.0.0.1:8080\n\nIf you are running a Firestore in Datastore Mode project, run:\n\n   export DATASTORE_EMULATOR_HOST=127.0.0.1:8080\n\nNote: Support for Datastore Mode is in preview. If you encounter any bugs please file at https://github.com/firebase/firebase-tools/issues.\nDev App Server is now running.\n\n"}}
[info] ✔  firestore: Firestore Emulator was started in standard edition. {"metadata":{"emulator":{"name":"firestore"},"message":"Firestore Emulator was started in standard edition."}}
[info] ✔  firestore: Firestore Emulator UI websocket is running on 9150. {"metadata":{"emulator":{"name":"firestore"},"message":"Firestore Emulator UI websocket is running on 9150."}}
[info] i  storage: downloading cloud-storage-rules-runtime-v1.1.3.jar... {"metadata":{"emulator":{"name":"storage"},"message":"downloading cloud-storage-rules-runtime-v1.1.3.jar..."}}
[debug] [2026-05-29T18:18:00.726Z] >>> [apiv2][query] GET https://storage.googleapis.com/firebase-preview-drop/emulator/cloud-storage-rules-runtime-v1.1.3.jar 
[debug] [2026-05-29T18:18:00.937Z] <<< [apiv2][status] GET https://storage.googleapis.com/firebase-preview-drop/emulator/cloud-storage-rules-runtime-v1.1.3.jar 200
[debug] [2026-05-29T18:18:00.937Z] <<< [apiv2][body] GET https://storage.googleapis.com/firebase-preview-drop/emulator/cloud-storage-rules-runtime-v1.1.3.jar [stream]
[debug] [2026-05-29T18:18:03.500Z] Ignoring unsupported arg: port {"metadata":{"emulator":{"name":"storage"},"message":"Ignoring unsupported arg: port"}}
[warn] ⚠  Missing 'match' keyword before path in /Users/daviddaler/Documents/ШАБОЛДА/storage.rules:25 {"metadata":{"emulator":{"name":"storage"},"message":"Missing 'match' keyword before path in /Users/daviddaler/Documents/ШАБОЛДА/storage.rules:25"}}
[warn] ⚠  Unexpected '.' in /Users/daviddaler/Documents/ШАБОЛДА/storage.rules:25 {"metadata":{"emulator":{"name":"storage"},"message":"Unexpected '.' in /Users/daviddaler/Documents/ШАБОЛДА/storage.rules:25"}}
[warn] ⚠  mismatched input '.' expecting {'{', '/', PATH_SEGMENT} in /Users/daviddaler/Documents/ШАБОЛДА/storage.rules:25 {"metadata":{"emulator":{"name":"storage"},"message":"mismatched input '.' expecting {'{', '/', PATH_SEGMENT} in /Users/daviddaler/Documents/ШАБОЛДА/storage.rules:25"}}
[warn] ⚠  Missing 'match' keyword before path in /Users/daviddaler/Documents/ШАБОЛДА/storage.rules:30 {"metadata":{"emulator":{"name":"storage"},"message":"Missing 'match' keyword before path in /Users/daviddaler/Documents/ШАБОЛДА/storage.rules:30"}}
[warn] ⚠  Unexpected '.' in /Users/daviddaler/Documents/ШАБОЛДА/storage.rules:30 {"metadata":{"emulator":{"name":"storage"},"message":"Unexpected '.' in /Users/daviddaler/Documents/ШАБОЛДА/storage.rules:30"}}
[warn] ⚠  mismatched input '.' expecting {'{', '/', PATH_SEGMENT} in /Users/daviddaler/Documents/ШАБОЛДА/storage.rules:30 {"metadata":{"emulator":{"name":"storage"},"message":"mismatched input '.' expecting {'{', '/', PATH_SEGMENT} in /Users/daviddaler/Documents/ШАБОЛДА/storage.rules:30"}}
[warn] ⚠  Unexpected '}' in /Users/daviddaler/Documents/ШАБОЛДА/storage.rules:34 {"metadata":{"emulator":{"name":"storage"},"message":"Unexpected '}' in /Users/daviddaler/Documents/ШАБОЛДА/storage.rules:34"}}
[debug] [2026-05-29T18:18:03.756Z] Temp file directory for storage emulator: /var/folders/xl/45bpz8550kg9d9xpmnrdcghh0000gn/T/firebase/storage/blobs {"metadata":{"emulator":{"name":"storage"},"message":"Temp file directory for storage emulator: /var/folders/xl/45bpz8550kg9d9xpmnrdcghh0000gn/T/firebase/storage/blobs"}}
[info] i  ui: downloading ui-v1.15.0.zip... {"metadata":{"emulator":{"name":"ui"},"message":"downloading ui-v1.15.0.zip..."}}
[debug] [2026-05-29T18:18:03.760Z] >>> [apiv2][query] GET https://storage.googleapis.com/firebase-preview-drop/emulator/ui-v1.15.0.zip 
[debug] [2026-05-29T18:18:03.829Z] <<< [apiv2][status] GET https://storage.googleapis.com/firebase-preview-drop/emulator/ui-v1.15.0.zip 200
[debug] [2026-05-29T18:18:03.829Z] <<< [apiv2][body] GET https://storage.googleapis.com/firebase-preview-drop/emulator/ui-v1.15.0.zip [stream]
[debug] [2026-05-29T18:18:03.897Z] Data is 3538469
[debug] [2026-05-29T18:18:03.898Z] [unzip] Entry: client/ (compressed_size=0 bytes, uncompressed_size=0 bytes)
[debug] [2026-05-29T18:18:03.898Z] [unzip] Processing entry: client/
[debug] [2026-05-29T18:18:03.898Z] [unzip] mkdir: /Users/daviddaler/.cache/firebase/emulators/ui-v1.15.0/client/
[debug] [2026-05-29T18:18:03.899Z] [unzip] Entry: client/favicon-16x16.png (compressed_size=293 bytes, uncompressed_size=293 bytes)
[debug] [2026-05-29T18:18:03.899Z] [unzip] Processing entry: client/favicon-16x16.png
[debug] [2026-05-29T18:18:03.899Z] [unzip] else mkdir: /Users/daviddaler/.cache/firebase/emulators/ui-v1.15.0/client
[debug] [2026-05-29T18:18:03.899Z] [unzip] Writing file: /Users/daviddaler/.cache/firebase/emulators/ui-v1.15.0/client/favicon-16x16.png
[debug] [2026-05-29T18:18:03.899Z] [unzip] Entry: client/safari-pinned-tab.svg (compressed_size=1433 bytes, uncompressed_size=2611 bytes)
[debug] [2026-05-29T18:18:03.899Z] [unzip] Processing entry: client/safari-pinned-tab.svg
[debug] [2026-05-29T18:18:03.899Z] [unzip] else mkdir: /Users/daviddaler/.cache/firebase/emulators/ui-v1.15.0/client
[debug] [2026-05-29T18:18:03.900Z] [unzip] deflating: /Users/daviddaler/.cache/firebase/emulators/ui-v1.15.0/client/safari-pinned-tab.svg
[debug] [2026-05-29T18:18:03.902Z] [unzip] Entry: client/favicon.ico (compressed_size=2933 bytes, uncompressed_size=13294 bytes)
[debug] [2026-05-29T18:18:03.902Z] [unzip] Processing entry: client/favicon.ico
[debug] [2026-05-29T18:18:03.903Z] [unzip] else mkdir: /Users/daviddaler/.cache/firebase/emulators/ui-v1.15.0/client
[debug] [2026-05-29T18:18:03.903Z] [unzip] deflating: /Users/daviddaler/.cache/firebase/emulators/ui-v1.15.0/client/favicon.ico
[debug] [2026-05-29T18:18:03.903Z] [unzip] Entry: client/index.html (compressed_size=1364 bytes, uncompressed_size=3071 bytes)
[debug] [2026-05-29T18:18:03.903Z] [unzip] Processing entry: client/index.html
[debug] [2026-05-29T18:18:03.903Z] [unzip] else mkdir: /Users/daviddaler/.cache/firebase/emulators/ui-v1.15.0/client
[debug] [2026-05-29T18:18:03.903Z] [unzip] deflating: /Users/daviddaler/.cache/firebase/emulators/ui-v1.15.0/client/index.html
[debug] [2026-05-29T18:18:03.904Z] [unzip] Entry: client/android-chrome-192x192.png (compressed_size=2684 bytes, uncompressed_size=2684 bytes)
[debug] [2026-05-29T18:18:03.904Z] [unzip] Processing entry: client/android-chrome-192x192.png
[debug] [2026-05-29T18:18:03.904Z] [unzip] else mkdir: /Users/daviddaler/.cache/firebase/emulators/ui-v1.15.0/client
[debug] [2026-05-29T18:18:03.904Z] [unzip] Writing file: /Users/daviddaler/.cache/firebase/emulators/ui-v1.15.0/client/android-chrome-192x192.png
[debug] [2026-05-29T18:18:03.904Z] [unzip] Entry: client/apple-touch-icon.png (compressed_size=2123 bytes, uncompressed_size=2152 bytes)
[debug] [2026-05-29T18:18:03.904Z] [unzip] Processing entry: client/apple-touch-icon.png
[debug] [2026-05-29T18:18:03.904Z] [unzip] else mkdir: /Users/daviddaler/.cache/firebase/emulators/ui-v1.15.0/client
[debug] [2026-05-29T18:18:03.904Z] [unzip] deflating: /Users/daviddaler/.cache/firebase/emulators/ui-v1.15.0/client/apple-touch-icon.png
[debug] [2026-05-29T18:18:03.905Z] [unzip] Entry: client/android-chrome-512x512.png (compressed_size=5369 bytes, uncompressed_size=5411 bytes)
[debug] [2026-05-29T18:18:03.905Z] [unzip] Processing entry: client/android-chrome-512x512.png
[debug] [2026-05-29T18:18:03.905Z] [unzip] else mkdir: /Users/daviddaler/.cache/firebase/emulators/ui-v1.15.0/client
[debug] [2026-05-29T18:18:03.905Z] [unzip] deflating: /Users/daviddaler/.cache/firebase/emulators/ui-v1.15.0/client/android-chrome-512x512.png
[debug] [2026-05-29T18:18:03.905Z] [unzip] Entry: client/manifest.json (compressed_size=245 bytes, uncompressed_size=551 bytes)
[debug] [2026-05-29T18:18:03.905Z] [unzip] Processing entry: client/manifest.json
[debug] [2026-05-29T18:18:03.905Z] [unzip] else mkdir: /Users/daviddaler/.cache/firebase/emulators/ui-v1.15.0/client
[debug] [2026-05-29T18:18:03.905Z] [unzip] deflating: /Users/daviddaler/.cache/firebase/emulators/ui-v1.15.0/client/manifest.json
[debug] [2026-05-29T18:18:03.906Z] [unzip] Entry: client/robots.txt (compressed_size=26 bytes, uncompressed_size=26 bytes)
[debug] [2026-05-29T18:18:03.906Z] [unzip] Processing entry: client/robots.txt
[debug] [2026-05-29T18:18:03.906Z] [unzip] else mkdir: /Users/daviddaler/.cache/firebase/emulators/ui-v1.15.0/client
[debug] [2026-05-29T18:18:03.906Z] [unzip] Writing file: /Users/daviddaler/.cache/firebase/emulators/ui-v1.15.0/client/robots.txt
[debug] [2026-05-29T18:18:03.907Z] [unzip] Entry: client/mstile-150x150.png (compressed_size=2034 bytes, uncompressed_size=2034 bytes)
[debug] [2026-05-29T18:18:03.907Z] [unzip] Processing entry: client/mstile-150x150.png
[debug] [2026-05-29T18:18:03.907Z] [unzip] else mkdir: /Users/daviddaler/.cache/firebase/emulators/ui-v1.15.0/client
[debug] [2026-05-29T18:18:03.907Z] [unzip] Writing file: /Users/daviddaler/.cache/firebase/emulators/ui-v1.15.0/client/mstile-150x150.png
[debug] [2026-05-29T18:18:03.907Z] [unzip] Entry: client/assets/ (compressed_size=0 bytes, uncompressed_size=0 bytes)
[debug] [2026-05-29T18:18:03.907Z] [unzip] Processing entry: client/assets/
[debug] [2026-05-29T18:18:03.907Z] [unzip] mkdir: /Users/daviddaler/.cache/firebase/emulators/ui-v1.15.0/client/assets/
[debug] [2026-05-29T18:18:03.907Z] [unzip] Entry: client/assets/index-BX-A56oj.js (compressed_size=582089 bytes, uncompressed_size=2092775 bytes)
[debug] [2026-05-29T18:18:03.907Z] [unzip] Processing entry: client/assets/index-BX-A56oj.js
[debug] [2026-05-29T18:18:03.907Z] [unzip] else mkdir: /Users/daviddaler/.cache/firebase/emulators/ui-v1.15.0/client/assets
[debug] [2026-05-29T18:18:03.907Z] [unzip] deflating: /Users/daviddaler/.cache/firebase/emulators/ui-v1.15.0/client/assets/index-BX-A56oj.js
[debug] [2026-05-29T18:18:03.916Z] [unzip] Entry: client/assets/index-CjB9C900.css (compressed_size=35979 bytes, uncompressed_size=298654 bytes)
[debug] [2026-05-29T18:18:03.916Z] [unzip] Processing entry: client/assets/index-CjB9C900.css
[debug] [2026-05-29T18:18:03.916Z] [unzip] else mkdir: /Users/daviddaler/.cache/firebase/emulators/ui-v1.15.0/client/assets
[debug] [2026-05-29T18:18:03.916Z] [unzip] deflating: /Users/daviddaler/.cache/firebase/emulators/ui-v1.15.0/client/assets/index-CjB9C900.css
[debug] [2026-05-29T18:18:03.917Z] [unzip] Entry: client/assets/index-BX-A56oj.js.map (compressed_size=2362482 bytes, uncompressed_size=10036679 bytes)
[debug] [2026-05-29T18:18:03.917Z] [unzip] Processing entry: client/assets/index-BX-A56oj.js.map
[debug] [2026-05-29T18:18:03.917Z] [unzip] else mkdir: /Users/daviddaler/.cache/firebase/emulators/ui-v1.15.0/client/assets
[debug] [2026-05-29T18:18:03.917Z] [unzip] deflating: /Users/daviddaler/.cache/firebase/emulators/ui-v1.15.0/client/assets/index-BX-A56oj.js.map
[debug] [2026-05-29T18:18:03.949Z] [unzip] Entry: client/assets/extensions/ (compressed_size=0 bytes, uncompressed_size=0 bytes)
[debug] [2026-05-29T18:18:03.949Z] [unzip] Processing entry: client/assets/extensions/
[debug] [2026-05-29T18:18:03.949Z] [unzip] mkdir: /Users/daviddaler/.cache/firebase/emulators/ui-v1.15.0/client/assets/extensions/
[debug] [2026-05-29T18:18:03.949Z] [unzip] Entry: client/assets/extensions/default-extension.png (compressed_size=1646 bytes, uncompressed_size=1657 bytes)
[debug] [2026-05-29T18:18:03.949Z] [unzip] Processing entry: client/assets/extensions/default-extension.png
[debug] [2026-05-29T18:18:03.949Z] [unzip] else mkdir: /Users/daviddaler/.cache/firebase/emulators/ui-v1.15.0/client/assets/extensions
[debug] [2026-05-29T18:18:03.949Z] [unzip] deflating: /Users/daviddaler/.cache/firebase/emulators/ui-v1.15.0/client/assets/extensions/default-extension.png
[debug] [2026-05-29T18:18:03.949Z] [unzip] Entry: client/assets/img/ (compressed_size=0 bytes, uncompressed_size=0 bytes)
[debug] [2026-05-29T18:18:03.949Z] [unzip] Processing entry: client/assets/img/
[debug] [2026-05-29T18:18:03.949Z] [unzip] mkdir: /Users/daviddaler/.cache/firebase/emulators/ui-v1.15.0/client/assets/img/
[debug] [2026-05-29T18:18:03.950Z] [unzip] Entry: client/assets/img/database.png (compressed_size=29449 bytes, uncompressed_size=29988 bytes)
[debug] [2026-05-29T18:18:03.950Z] [unzip] Processing entry: client/assets/img/database.png
[debug] [2026-05-29T18:18:03.950Z] [unzip] else mkdir: /Users/daviddaler/.cache/firebase/emulators/ui-v1.15.0/client/assets/img
[debug] [2026-05-29T18:18:03.950Z] [unzip] deflating: /Users/daviddaler/.cache/firebase/emulators/ui-v1.15.0/client/assets/img/database.png
[debug] [2026-05-29T18:18:03.950Z] [unzip] Entry: client/assets/provider-icons/ (compressed_size=0 bytes, uncompressed_size=0 bytes)
[debug] [2026-05-29T18:18:03.950Z] [unzip] Processing entry: client/assets/provider-icons/
[debug] [2026-05-29T18:18:03.950Z] [unzip] mkdir: /Users/daviddaler/.cache/firebase/emulators/ui-v1.15.0/client/assets/provider-icons/
[debug] [2026-05-29T18:18:03.950Z] [unzip] Entry: client/assets/provider-icons/auth_service_saml.svg (compressed_size=575 bytes, uncompressed_size=1226 bytes)
[debug] [2026-05-29T18:18:03.950Z] [unzip] Processing entry: client/assets/provider-icons/auth_service_saml.svg
[debug] [2026-05-29T18:18:03.950Z] [unzip] else mkdir: /Users/daviddaler/.cache/firebase/emulators/ui-v1.15.0/client/assets/provider-icons
[debug] [2026-05-29T18:18:03.950Z] [unzip] deflating: /Users/daviddaler/.cache/firebase/emulators/ui-v1.15.0/client/assets/provider-icons/auth_service_saml.svg
[debug] [2026-05-29T18:18:03.950Z] [unzip] Entry: client/assets/provider-icons/auth_service_phone.svg (compressed_size=261 bytes, uncompressed_size=414 bytes)
[debug] [2026-05-29T18:18:03.950Z] [unzip] Processing entry: client/assets/provider-icons/auth_service_phone.svg
[debug] [2026-05-29T18:18:03.950Z] [unzip] else mkdir: /Users/daviddaler/.cache/firebase/emulators/ui-v1.15.0/client/assets/provider-icons
[debug] [2026-05-29T18:18:03.950Z] [unzip] deflating: /Users/daviddaler/.cache/firebase/emulators/ui-v1.15.0/client/assets/provider-icons/auth_service_phone.svg
[debug] [2026-05-29T18:18:03.951Z] [unzip] Entry: client/assets/provider-icons/auth_service_facebook.svg (compressed_size=289 bytes, uncompressed_size=457 bytes)
[debug] [2026-05-29T18:18:03.951Z] [unzip] Processing entry: client/assets/provider-icons/auth_service_facebook.svg
[debug] [2026-05-29T18:18:03.951Z] [unzip] else mkdir: /Users/daviddaler/.cache/firebase/emulators/ui-v1.15.0/client/assets/provider-icons
[debug] [2026-05-29T18:18:03.951Z] [unzip] deflating: /Users/daviddaler/.cache/firebase/emulators/ui-v1.15.0/client/assets/provider-icons/auth_service_facebook.svg
[debug] [2026-05-29T18:18:03.951Z] [unzip] Entry: client/assets/provider-icons/auth_service_game_center.svg (compressed_size=991 bytes, uncompressed_size=3921 bytes)
[debug] [2026-05-29T18:18:03.951Z] [unzip] Processing entry: client/assets/provider-icons/auth_service_game_center.svg
[debug] [2026-05-29T18:18:03.951Z] [unzip] else mkdir: /Users/daviddaler/.cache/firebase/emulators/ui-v1.15.0/client/assets/provider-icons
[debug] [2026-05-29T18:18:03.951Z] [unzip] deflating: /Users/daviddaler/.cache/firebase/emulators/ui-v1.15.0/client/assets/provider-icons/auth_service_game_center.svg
[debug] [2026-05-29T18:18:03.951Z] [unzip] Entry: client/assets/provider-icons/auth_service_apple.svg (compressed_size=230 bytes, uncompressed_size=334 bytes)
[debug] [2026-05-29T18:18:03.951Z] [unzip] Processing entry: client/assets/provider-icons/auth_service_apple.svg
[debug] [2026-05-29T18:18:03.951Z] [unzip] else mkdir: /Users/daviddaler/.cache/firebase/emulators/ui-v1.15.0/client/assets/provider-icons
[debug] [2026-05-29T18:18:03.951Z] [unzip] deflating: /Users/daviddaler/.cache/firebase/emulators/ui-v1.15.0/client/assets/provider-icons/auth_service_apple.svg
[debug] [2026-05-29T18:18:03.952Z] [unzip] Entry: client/assets/provider-icons/auth_service_github.svg (compressed_size=466 bytes, uncompressed_size=838 bytes)
[debug] [2026-05-29T18:18:03.952Z] [unzip] Processing entry: client/assets/provider-icons/auth_service_github.svg
[debug] [2026-05-29T18:18:03.952Z] [unzip] else mkdir: /Users/daviddaler/.cache/firebase/emulators/ui-v1.15.0/client/assets/provider-icons
[debug] [2026-05-29T18:18:03.952Z] [unzip] deflating: /Users/daviddaler/.cache/firebase/emulators/ui-v1.15.0/client/assets/provider-icons/auth_service_github.svg
[debug] [2026-05-29T18:18:03.952Z] [unzip] Entry: client/assets/provider-icons/auth_service_mslive.svg (compressed_size=203 bytes, uncompressed_size=378 bytes)
[debug] [2026-05-29T18:18:03.952Z] [unzip] Processing entry: client/assets/provider-icons/auth_service_mslive.svg
[debug] [2026-05-29T18:18:03.952Z] [unzip] else mkdir: /Users/daviddaler/.cache/firebase/emulators/ui-v1.15.0/client/assets/provider-icons
[debug] [2026-05-29T18:18:03.952Z] [unzip] deflating: /Users/daviddaler/.cache/firebase/emulators/ui-v1.15.0/client/assets/provider-icons/auth_service_mslive.svg
[debug] [2026-05-29T18:18:03.952Z] [unzip] Entry: client/assets/provider-icons/auth_service_yahoo.svg (compressed_size=577 bytes, uncompressed_size=1182 bytes)
[debug] [2026-05-29T18:18:03.952Z] [unzip] Processing entry: client/assets/provider-icons/auth_service_yahoo.svg
[debug] [2026-05-29T18:18:03.952Z] [unzip] else mkdir: /Users/daviddaler/.cache/firebase/emulators/ui-v1.15.0/client/assets/provider-icons
[debug] [2026-05-29T18:18:03.952Z] [unzip] deflating: /Users/daviddaler/.cache/firebase/emulators/ui-v1.15.0/client/assets/provider-icons/auth_service_yahoo.svg
[debug] [2026-05-29T18:18:03.953Z] [unzip] Entry: client/assets/provider-icons/auth_service_twitter.svg (compressed_size=444 bytes, uncompressed_size=751 bytes)
[debug] [2026-05-29T18:18:03.953Z] [unzip] Processing entry: client/assets/provider-icons/auth_service_twitter.svg
[debug] [2026-05-29T18:18:03.953Z] [unzip] else mkdir: /Users/daviddaler/.cache/firebase/emulators/ui-v1.15.0/client/assets/provider-icons
[debug] [2026-05-29T18:18:03.953Z] [unzip] deflating: /Users/daviddaler/.cache/firebase/emulators/ui-v1.15.0/client/assets/provider-icons/auth_service_twitter.svg
[debug] [2026-05-29T18:18:03.953Z] [unzip] Entry: client/assets/provider-icons/auth_service_play_games.svg (compressed_size=565 bytes, uncompressed_size=1173 bytes)
[debug] [2026-05-29T18:18:03.953Z] [unzip] Processing entry: client/assets/provider-icons/auth_service_play_games.svg
[debug] [2026-05-29T18:18:03.953Z] [unzip] else mkdir: /Users/daviddaler/.cache/firebase/emulators/ui-v1.15.0/client/assets/provider-icons
[debug] [2026-05-29T18:18:03.953Z] [unzip] deflating: /Users/daviddaler/.cache/firebase/emulators/ui-v1.15.0/client/assets/provider-icons/auth_service_play_games.svg
[debug] [2026-05-29T18:18:03.953Z] [unzip] Entry: client/assets/provider-icons/auth_service_email.svg (compressed_size=228 bytes, uncompressed_size=326 bytes)
[debug] [2026-05-29T18:18:03.953Z] [unzip] Processing entry: client/assets/provider-icons/auth_service_email.svg
[debug] [2026-05-29T18:18:03.953Z] [unzip] else mkdir: /Users/daviddaler/.cache/firebase/emulators/ui-v1.15.0/client/assets/provider-icons
[debug] [2026-05-29T18:18:03.953Z] [unzip] deflating: /Users/daviddaler/.cache/firebase/emulators/ui-v1.15.0/client/assets/provider-icons/auth_service_email.svg
[debug] [2026-05-29T18:18:03.953Z] [unzip] Entry: client/assets/provider-icons/auth_service_google.svg (compressed_size=409 bytes, uncompressed_size=720 bytes)
[debug] [2026-05-29T18:18:03.953Z] [unzip] Processing entry: client/assets/provider-icons/auth_service_google.svg
[debug] [2026-05-29T18:18:03.953Z] [unzip] else mkdir: /Users/daviddaler/.cache/firebase/emulators/ui-v1.15.0/client/assets/provider-icons
[debug] [2026-05-29T18:18:03.953Z] [unzip] deflating: /Users/daviddaler/.cache/firebase/emulators/ui-v1.15.0/client/assets/provider-icons/auth_service_google.svg
[debug] [2026-05-29T18:18:03.954Z] [unzip] Entry: client/assets/provider-icons/auth_service_oidc.svg (compressed_size=414 bytes, uncompressed_size=858 bytes)
[debug] [2026-05-29T18:18:03.954Z] [unzip] Processing entry: client/assets/provider-icons/auth_service_oidc.svg
[debug] [2026-05-29T18:18:03.954Z] [unzip] else mkdir: /Users/daviddaler/.cache/firebase/emulators/ui-v1.15.0/client/assets/provider-icons
[debug] [2026-05-29T18:18:03.954Z] [unzip] deflating: /Users/daviddaler/.cache/firebase/emulators/ui-v1.15.0/client/assets/provider-icons/auth_service_oidc.svg
[debug] [2026-05-29T18:18:03.954Z] [unzip] Entry: client/browserconfig.xml (compressed_size=491 bytes, uncompressed_size=822 bytes)
[debug] [2026-05-29T18:18:03.954Z] [unzip] Processing entry: client/browserconfig.xml
[debug] [2026-05-29T18:18:03.954Z] [unzip] else mkdir: /Users/daviddaler/.cache/firebase/emulators/ui-v1.15.0/client
[debug] [2026-05-29T18:18:03.954Z] [unzip] deflating: /Users/daviddaler/.cache/firebase/emulators/ui-v1.15.0/client/browserconfig.xml
[debug] [2026-05-29T18:18:03.954Z] [unzip] Entry: client/favicon-32x32.png (compressed_size=475 bytes, uncompressed_size=475 bytes)
[debug] [2026-05-29T18:18:03.954Z] [unzip] Processing entry: client/favicon-32x32.png
[debug] [2026-05-29T18:18:03.954Z] [unzip] else mkdir: /Users/daviddaler/.cache/firebase/emulators/ui-v1.15.0/client
[debug] [2026-05-29T18:18:03.954Z] [unzip] Writing file: /Users/daviddaler/.cache/firebase/emulators/ui-v1.15.0/client/favicon-32x32.png
[debug] [2026-05-29T18:18:03.955Z] [unzip] Entry: server/ (compressed_size=0 bytes, uncompressed_size=0 bytes)
[debug] [2026-05-29T18:18:03.955Z] [unzip] Processing entry: server/
[debug] [2026-05-29T18:18:03.955Z] [unzip] mkdir: /Users/daviddaler/.cache/firebase/emulators/ui-v1.15.0/server/
[debug] [2026-05-29T18:18:03.955Z] [unzip] Entry: server/server.mjs.map (compressed_size=217845 bytes, uncompressed_size=944978 bytes)
[debug] [2026-05-29T18:18:03.955Z] [unzip] Processing entry: server/server.mjs.map
[debug] [2026-05-29T18:18:03.955Z] [unzip] else mkdir: /Users/daviddaler/.cache/firebase/emulators/ui-v1.15.0/server
[debug] [2026-05-29T18:18:03.955Z] [unzip] deflating: /Users/daviddaler/.cache/firebase/emulators/ui-v1.15.0/server/server.mjs.map
[debug] [2026-05-29T18:18:03.957Z] [unzip] Entry: server/server.mjs (compressed_size=276407 bytes, uncompressed_size=933701 bytes)
[debug] [2026-05-29T18:18:03.957Z] [unzip] Processing entry: server/server.mjs
[debug] [2026-05-29T18:18:03.957Z] [unzip] else mkdir: /Users/daviddaler/.cache/firebase/emulators/ui-v1.15.0/server
[debug] [2026-05-29T18:18:03.957Z] [unzip] deflating: /Users/daviddaler/.cache/firebase/emulators/ui-v1.15.0/server/server.mjs
[info] i  functions: Watching "/Users/daviddaler/Documents/ШАБОЛДА/functions" for Cloud Functions... {"metadata":{"emulator":{"name":"functions"},"message":"Watching \"/Users/daviddaler/Documents/ШАБОЛДА/functions\" for Cloud Functions..."}}
[debug] [2026-05-29T18:18:03.961Z] Validating nodejs source
[warn] ⚠  functions: package.json indicates an outdated version of firebase-functions. Please upgrade using npm install --save firebase-functions@latest in your functions directory. 
[warn] ⚠  functions: Please note that there will be breaking changes when you upgrade. 
[debug] [2026-05-29T18:18:06.074Z] > [functions] package.json contents: {
  "name": "family-messenger-functions",
  "private": true,
  "engines": {
    "node": "20"
  },
  "main": "lib/index.js",
  "scripts": {
    "build": "tsc",
    "build:watch": "tsc --watch",
    "serve": "npm run build && firebase emulators:start --only functions,firestore",
    "deploy": "firebase deploy --only functions,firestore:rules,storage"
  },
  "dependencies": {
    "firebase-admin": "^12.7.0",
    "firebase-functions": "^6.1.1"
  },
  "devDependencies": {
    "typescript": "^5.6.3"
  }
}
[debug] [2026-05-29T18:18:06.074Z] Building nodejs source
[debug] [2026-05-29T18:18:06.074Z] Failed to find version of module node: reached end of search path /Users/daviddaler/Documents/ШАБОЛДА/functions/node_modules
[warn] ⚠  functions: Your requested "node" version "20" doesn't match your global version "24". Using node@24 from host. 
[debug] [2026-05-29T18:18:06.075Z] Could not find functions.yaml. Must use http discovery
[debug] [2026-05-29T18:18:06.079Z] Found firebase-functions binary at '/Users/daviddaler/Documents/ШАБОЛДА/functions/node_modules/.bin/firebase-functions'
[info] Serving at port 8119

[debug] [2026-05-29T18:18:09.445Z] Got response from /__/functions.yaml {"endpoints":{"createSpaceAsOwner":{"availableMemoryMb":null,"timeoutSeconds":null,"minInstances":null,"maxInstances":null,"ingressSettings":null,"concurrency":null,"serviceAccountEmail":null,"vpc":null,"platform":"gcfv2","labels":{},"callableTrigger":{},"entryPoint":"createSpaceAsOwner"},"redeemInvite":{"availableMemoryMb":null,"timeoutSeconds":null,"minInstances":null,"maxInstances":null,"ingressSettings":null,"concurrency":null,"serviceAccountEmail":null,"vpc":null,"platform":"gcfv2","labels":{},"callableTrigger":{},"entryPoint":"redeemInvite"},"generateInvite":{"availableMemoryMb":null,"timeoutSeconds":null,"minInstances":null,"maxInstances":null,"ingressSettings":null,"concurrency":null,"serviceAccountEmail":null,"vpc":null,"platform":"gcfv2","labels":{},"callableTrigger":{},"entryPoint":"generateInvite"},"listInvites":{"availableMemoryMb":null,"timeoutSeconds":null,"minInstances":null,"maxInstances":null,"ingressSettings":null,"concurrency":null,"serviceAccountEmail":null,"vpc":null,"platform":"gcfv2","labels":{},"callableTrigger":{},"entryPoint":"listInvites"}},"specVersion":"v1alpha1","requiredAPIs":[],"extensions":{}}
[info] ✔  functions: Loaded functions definitions from source: createSpaceAsOwner, redeemInvite, generateInvite, listInvites. {"metadata":{"emulator":{"name":"functions"},"message":"Loaded functions definitions from source: createSpaceAsOwner, redeemInvite, generateInvite, listInvites."}}
[info] ✔  functions[us-central1-createSpaceAsOwner]: http function initialized (http://127.0.0.1:5001/demo-semya/us-central1/createSpaceAsOwner). {"metadata":{"emulator":{"name":"functions"},"message":"http function initialized (http://127.0.0.1:5001/demo-semya/us-central1/createSpaceAsOwner)."}}
[info] ✔  functions[us-central1-redeemInvite]: http function initialized (http://127.0.0.1:5001/demo-semya/us-central1/redeemInvite). {"metadata":{"emulator":{"name":"functions"},"message":"http function initialized (http://127.0.0.1:5001/demo-semya/us-central1/redeemInvite)."}}
[info] ✔  functions[us-central1-generateInvite]: http function initialized (http://127.0.0.1:5001/demo-semya/us-central1/generateInvite). {"metadata":{"emulator":{"name":"functions"},"message":"http function initialized (http://127.0.0.1:5001/demo-semya/us-central1/generateInvite)."}}
[info] ✔  functions[us-central1-listInvites]: http function initialized (http://127.0.0.1:5001/demo-semya/us-central1/listInvites). {"metadata":{"emulator":{"name":"functions"},"message":"http function initialized (http://127.0.0.1:5001/demo-semya/us-central1/listInvites)."}}
[debug] [2026-05-29T18:18:13.485Z] Could not find VSCode notification endpoint: FetchError: request to http://localhost:40001/vscode/notify failed, reason: . If you are not running the Firebase SQL Connect VSCode extension, this is expected and not an issue.
[info] 
┌─────────────────────────────────────────────────────────────┐
│ ✔  All emulators ready! It is now safe to connect your app. │
│ i  View Emulator UI at http://127.0.0.1:4000/               │
└─────────────────────────────────────────────────────────────┘

┌────────────────┬────────────────┬─────────────────────────────────┐
│ Emulator       │ Host:Port      │ View in Emulator UI             │
├────────────────┼────────────────┼─────────────────────────────────┤
│ Authentication │ 127.0.0.1:9099 │ http://127.0.0.1:4000/auth      │
├────────────────┼────────────────┼─────────────────────────────────┤
│ Functions      │ 127.0.0.1:5001 │ http://127.0.0.1:4000/functions │
├────────────────┼────────────────┼─────────────────────────────────┤
│ Firestore      │ 127.0.0.1:8080 │ http://127.0.0.1:4000/firestore │
├────────────────┼────────────────┼─────────────────────────────────┤
│ Storage        │ 127.0.0.1:9199 │ http://127.0.0.1:4000/storage   │
└────────────────┴────────────────┴─────────────────────────────────┘
  Emulator Hub host: 127.0.0.1 port: 4400
  Other reserved ports: 4500, 9150

Issues? Report them at https://github.com/firebase/firebase-tools/issues and attach the *-debug.log files.
 
